#
# A fatal error has been detected by the Java Runtime Environment:
#
#  EXCEPTION_ACCESS_VIOLATION (0xc0000005) at pc=0x000007feed74d839, pid=1620, tid=0x0000000000000250
#
# JRE version: Java(TM) SE Runtime Environment (8.0_131-b11) (build 1.8.0_131-b11)
# Java VM: Java HotSpot(TM) 64-Bit Server VM (25.131-b11 mixed mode windows-amd64 compressed oops)
# Problematic frame:
# C  [vtkCommonDataModel.dll+0xdd839]
#
# Failed to write core dump. Minidumps are not enabled by default on client versions of Windows
#
# If you would like to submit a bug report, please visit:
#   http://bugreport.java.com/bugreport/crash.jsp
# The crash happened outside the Java Virtual Machine in native code.
# See problematic frame for where to report the bug.
#

---------------  T H R E A D  ---------------

Current thread (0x0000000023df2000):  JavaThread "AWT-EventQueue-0" [_thread_in_native, id=592, stack(0x0000000024f70000,0x0000000025170000)]

siginfo: ExceptionCode=0xc0000005, reading address 0xffffffffffffffff

Registers:
RAX=0x000007feedd608c7, RBX=0x000000004159cfe0, RCX=0x000000003707f380, RDX=0x000000004159cfe0
RSP=0x000000002516b280, RBP=0x0000000000000000, RSI=0x0000000037468be0, RDI=0x0000000000000000
R8 =0x0000000000000001, R9 =0x0000000000000000, R10=0x0000000000000021, R11=0x0000015c011b0001
R12=0x0000000040f10e00, R13=0x0000000037468be0, R14=0x0000000037469020, R15=0x0000000041ac0b00
RIP=0x000007feed74d839, EFLAGS=0x0000000000010202

Top of Stack: (sp=0x000000002516b280)
0x000000002516b280:   0000000037469e60 000009aa289c850f
0x000000002516b290:   fffffffffffffffe 0000000040ed9590
0x000000002516b2a0:   0000000000000000 000007feed74fae6
0x000000002516b2b0:   000000004159cfe0 0000000000000000
0x000000002516b2c0:   0000000041ac0b00 0000000041ac0b00
0x000000002516b2d0:   000000004159cfe0 000007feee32f6d8
0x000000002516b2e0:   0000000037469e60 0000000037469e60
0x000000002516b2f0:   0000000037468be0 000007feee33413d
0x000000002516b300:   0000000037468be0 000007feee33413d
0x000000002516b310:   0000000000000000 0000000041ac0b00
0x000000002516b320:   0000000000000001 000007feee344f82
0x000000002516b330:   0000000037469e60 0000000037469e60
0x000000002516b340:   0000000040f10e00 0000000041ac0b00
0x000000002516b350:   0000000041ac0b00 000007feedcd9ab3
0x000000002516b360:   0000000000000000 0000000037469e60
0x000000002516b370:   0000000037469e60 000007feedcd9ab3 

Instructions: (pc=0x000007feed74d839)
0x000007feed74d819:   01 48 8b d3 ff 50 40 48 89 bb 30 01 00 00 48 8b
0x000007feed74d829:   8b 38 01 00 00 48 85 c9 74 10 48 8b 01 48 8b d3
0x000007feed74d839:   ff 50 40 48 89 bb 38 01 00 00 48 8b 8b 40 01 00
0x000007feed74d849:   00 48 85 c9 74 10 48 8b 01 48 8b d3 ff 50 40 48 


Register to memory mapping:

RAX=0x000007feedd608c7 is an unknown value
RBX=0x000000004159cfe0 is an unknown value
RCX=0x000000003707f380 is an unknown value
RDX=0x000000004159cfe0 is an unknown value
RSP=0x000000002516b280 is pointing into the stack for thread: 0x0000000023df2000
RBP=0x0000000000000000 is an unknown value
RSI=0x0000000037468be0 is an unknown value
RDI=0x0000000000000000 is an unknown value
R8 =0x0000000000000001 is an unknown value
R9 =0x0000000000000000 is an unknown value
R10=0x0000000000000021 is an unknown value
R11=0x0000015c011b0001 is an unknown value
R12=0x0000000040f10e00 is an unknown value
R13=0x0000000037468be0 is an unknown value
R14=0x0000000037469020 is an unknown value
R15=0x0000000041ac0b00 is an unknown value


Stack: [0x0000000024f70000,0x0000000025170000],  sp=0x000000002516b280,  free space=2028k
Native frames: (J=compiled Java code, j=interpreted, Vv=VM code, C=native code)

Java frames: (J=compiled Java code, j=interpreted, Vv=VM code)
J 15981  vtk.vtkOpenGLRenderWindow.Render_2()V (0 bytes) @ 0x0000000005630bfb [0x0000000005630bc0+0x3b]
J 15979 C1 icy.vtk.VtkJoglPanel.render()V (49 bytes) @ 0x0000000005632b8c [0x0000000005632940+0x24c]
J 15978 C1 icy.vtk.VtkJoglPanel$GLEventImpl.display(Ljavax/media/opengl/GLAutoDrawable;)V (8 bytes) @ 0x0000000005633284 [0x0000000005633180+0x104]
J 15977 C1 jogamp.opengl.GLDrawableHelper.displayImpl(Ljavax/media/opengl/GLAutoDrawable;)V (105 bytes) @ 0x00000000056459b4 [0x0000000005644ca0+0xd14]
J 15947 C1 javax.media.opengl.awt.GLJPanel$Updater.display(Ljavax/media/opengl/GLAutoDrawable;)V (206 bytes) @ 0x0000000005627474 [0x0000000005627000+0x474]
J 15946 C1 javax.media.opengl.awt.GLJPanel$8.run()V (15 bytes) @ 0x000000000554723c [0x0000000005547180+0xbc]
J 15945 C1 jogamp.opengl.GLDrawableHelper.invokeGLImpl(Ljavax/media/opengl/GLDrawable;Ljavax/media/opengl/GLContext;Ljava/lang/Runnable;Ljava/lang/Runnable;)V (481 bytes) @ 0x000000000562344c [0x00000000056225e0+0xe6c]
J 15944 C1 jogamp.opengl.GLDrawableHelper.invokeGL(Ljavax/media/opengl/GLDrawable;Ljavax/media/opengl/GLContext;Ljava/lang/Runnable;Ljava/lang/Runnable;)V (84 bytes) @ 0x00000000055492c4 [0x0000000005549200+0xc4]
J 15943 C1 javax.media.opengl.awt.GLJPanel$OffscreenBackend.doPaintComponent(Ljava/awt/Graphics;)V (117 bytes) @ 0x000000000553e284 [0x000000000553e100+0x184]
J 15908 C1 javax.media.opengl.awt.GLJPanel.paintComponent(Ljava/awt/Graphics;)V (204 bytes) @ 0x000000000549b71c [0x000000000549a780+0xf9c]
J 11112 C2 javax.swing.JComponent.paint(Ljava/awt/Graphics;)V (409 bytes) @ 0x0000000004a30b2c [0x0000000004a304c0+0x66c]
J 15869 C1 icy.vtk.VtkJoglPanel.paint(Ljava/awt/Graphics;)V (38 bytes) @ 0x00000000042163a4 [0x00000000042162e0+0xc4]
J 10666 C2 javax.swing.JComponent.paintChildren(Ljava/awt/Graphics;)V (669 bytes) @ 0x0000000004744118 [0x0000000004743880+0x898]
J 11112 C2 javax.swing.JComponent.paint(Ljava/awt/Graphics;)V (409 bytes) @ 0x0000000004a30b64 [0x0000000004a304c0+0x6a4]
J 10666 C2 javax.swing.JComponent.paintChildren(Ljava/awt/Graphics;)V (669 bytes) @ 0x0000000004744118 [0x0000000004743880+0x898]
J 11112 C2 javax.swing.JComponent.paint(Ljava/awt/Graphics;)V (409 bytes) @ 0x0000000004a30b64 [0x0000000004a304c0+0x6a4]
J 15104 C1 icy.gui.viewer.Viewer$ViewerMainPanel.paint(Ljava/awt/Graphics;)V (63 bytes) @ 0x000000000528b874 [0x000000000528b7e0+0x94]
J 10666 C2 javax.swing.JComponent.paintChildren(Ljava/awt/Graphics;)V (669 bytes) @ 0x0000000004744118 [0x0000000004743880+0x898]
J 11112 C2 javax.swing.JComponent.paint(Ljava/awt/Graphics;)V (409 bytes) @ 0x0000000004a30b64 [0x0000000004a304c0+0x6a4]
J 10666 C2 javax.swing.JComponent.paintChildren(Ljava/awt/Graphics;)V (669 bytes) @ 0x0000000004744118 [0x0000000004743880+0x898]
J 11112 C2 javax.swing.JComponent.paint(Ljava/awt/Graphics;)V (409 bytes) @ 0x0000000004a30b64 [0x0000000004a304c0+0x6a4]
J 15198 C2 javax.swing.JLayeredPane.paint(Ljava/awt/Graphics;)V (77 bytes) @ 0x0000000003cba730 [0x0000000003cba320+0x410]
J 10666 C2 javax.swing.JComponent.paintChildren(Ljava/awt/Graphics;)V (669 bytes) @ 0x0000000004744118 [0x0000000004743880+0x898]
J 11112 C2 javax.swing.JComponent.paint(Ljava/awt/Graphics;)V (409 bytes) @ 0x0000000004a30b64 [0x0000000004a304c0+0x6a4]
J 10666 C2 javax.swing.JComponent.paintChildren(Ljava/awt/Graphics;)V (669 bytes) @ 0x0000000004744118 [0x0000000004743880+0x898]
J 11112 C2 javax.swing.JComponent.paint(Ljava/awt/Graphics;)V (409 bytes) @ 0x0000000004a30b64 [0x0000000004a304c0+0x6a4]
J 10666 C2 javax.swing.JComponent.paintChildren(Ljava/awt/Graphics;)V (669 bytes) @ 0x0000000004744118 [0x0000000004743880+0x898]
J 11112 C2 javax.swing.JComponent.paint(Ljava/awt/Graphics;)V (409 bytes) @ 0x0000000004a30b64 [0x0000000004a304c0+0x6a4]
J 15198 C2 javax.swing.JLayeredPane.paint(Ljava/awt/Graphics;)V (77 bytes) @ 0x0000000003cba730 [0x0000000003cba320+0x410]
J 12156 C2 javax.swing.RepaintManager$PaintManager.paintDoubleBuffered(Ljavax/swing/JComponent;Ljava/awt/Image;Ljava/awt/Graphics;IIII)V (294 bytes) @ 0x0000000005056d84 [0x0000000005056ac0+0x2c4]
J 14668 C2 javax.swing.RepaintManager$PaintManager.paint(Ljavax/swing/JComponent;Ljavax/swing/JComponent;Ljava/awt/Graphics;IIII)Z (189 bytes) @ 0x0000000005344ae4 [0x00000000053447a0+0x344]
J 11187 C2 javax.swing.JComponent._paintImmediately(IIII)V (891 bytes) @ 0x0000000004b8fd90 [0x0000000004b8ea40+0x1350]
J 11828 C2 javax.swing.JComponent.paintImmediately(IIII)V (155 bytes) @ 0x0000000004e09a6c [0x0000000004e09860+0x20c]
J 12134 C2 javax.swing.RepaintManager$4.run()Ljava/lang/Object; (5 bytes) @ 0x0000000005013e7c [0x0000000005013c80+0x1fc]
v  ~StubRoutines::call_stub
J 1553  java.security.AccessController.doPrivileged(Ljava/security/PrivilegedAction;Ljava/security/AccessControlContext;)Ljava/lang/Object; (0 bytes) @ 0x0000000003242aa6 [0x0000000003242a40+0x66]
J 12190 C2 javax.swing.RepaintManager.paintDirtyRegions(Ljava/util/Map;)V (196 bytes) @ 0x0000000005080254 [0x000000000507fa20+0x834]
J 12274 C2 javax.swing.RepaintManager$ProcessingRunnable.run()V (41 bytes) @ 0x0000000003d445c4 [0x0000000003d44220+0x3a4]
J 8409 C2 java.awt.EventQueue$3.run()Ljava/lang/Object; (5 bytes) @ 0x0000000004367388 [0x0000000004367080+0x308]
v  ~StubRoutines::call_stub
J 1553  java.security.AccessController.doPrivileged(Ljava/security/PrivilegedAction;Ljava/security/AccessControlContext;)Ljava/lang/Object; (0 bytes) @ 0x0000000003242aa6 [0x0000000003242a40+0x66]
J 5323 C2 java.awt.EventQueue.dispatchEvent(Ljava/awt/AWTEvent;)V (80 bytes) @ 0x0000000003b79a1c [0x0000000003b79740+0x2dc]
J 9689 C2 java.awt.EventDispatchThread.pumpOneEventForFilters(I)V (295 bytes) @ 0x00000000044a4f64 [0x00000000044a4cc0+0x2a4]
J 12902% C2 java.awt.EventDispatchThread.pumpEventsForFilter(ILjava/awt/Conditional;Ljava/awt/EventFilter;)V (47 bytes) @ 0x00000000033c58c0 [0x00000000033c57c0+0x100]
j  java.awt.EventDispatchThread.pumpEventsForHierarchy(ILjava/awt/Conditional;Ljava/awt/Component;)V+11
j  java.awt.EventDispatchThread.pumpEvents(ILjava/awt/Conditional;)V+4
j  java.awt.EventDispatchThread.pumpEvents(Ljava/awt/Conditional;)V+3
j  java.awt.EventDispatchThread.run()V+9
v  ~StubRoutines::call_stub

---------------  P R O C E S S  ---------------

Java Threads: ( => current thread )
  0x000000002fba5000 JavaThread "VTK panel rendering monitor" [_thread_blocked, id=2016, stack(0x0000000040840000,0x0000000040a40000)]
  0x0000000025b2f000 JavaThread "OrthoView renderer" [_thread_blocked, id=2532, stack(0x00000000436f0000,0x00000000438f0000)]
  0x0000000025460800 JavaThread "OrthoView renderer" [_thread_blocked, id=3880, stack(0x00000000404a0000,0x00000000406a0000)]
  0x0000000025461000 JavaThread "OrthoView renderer" [_thread_blocked, id=2660, stack(0x0000000039900000,0x0000000039b00000)]
  0x000000002545e000 JavaThread "AWT-EventQueue-0-SharedResourceRunner" daemon [_thread_blocked, id=2576, stack(0x000000003a530000,0x000000003a730000)]
  0x000000002fba7800 JavaThread "Background instance processor (low priority)" [_thread_blocked, id=1856, stack(0x000000003ba10000,0x000000003bc10000)]
  0x000000002fba6800 JavaThread "Background instance processor" [_thread_blocked, id=3692, stack(0x000000003b7e0000,0x000000003b9e0000)]
  0x000000002629e000 JavaThread "Background instance processor" [_thread_blocked, id=3388, stack(0x000000003ac40000,0x000000003ae40000)]
  0x000000002629b000 JavaThread "Background instance processor" [_thread_blocked, id=1088, stack(0x000000003a9e0000,0x000000003abe0000)]
  0x0000000025b30000 JavaThread "ROI panel GUI refresher" [_thread_blocked, id=3952, stack(0x000000003a2a0000,0x000000003a4a0000)]
  0x0000000025b30800 JavaThread "Background instance processor" [_thread_blocked, id=432, stack(0x0000000039c30000,0x0000000039e30000)]
  0x000000002545d800 JavaThread "uManager - LiveListener" [_thread_in_native, id=3492, stack(0x0000000038460000,0x0000000038660000)]
  0x000000002545a800 JavaThread "BeanShell interpreter" [_thread_blocked, id=2564, stack(0x0000000037ca0000,0x0000000037ea0000)]
  0x000000002545b000 JavaThread "Thread-29" [_thread_blocked, id=3556, stack(0x0000000037f40000,0x0000000038140000)]
  0x00000000295a8000 JavaThread "Trident callback thread" daemon [_thread_blocked, id=1020, stack(0x00000000365a0000,0x00000000367a0000)]
  0x00000000295a5000 JavaThread "Trident pulse source thread" daemon [_thread_blocked, id=3208, stack(0x0000000033920000,0x0000000033b20000)]
  0x00000000295aa000 JavaThread "BeanShell interpreter" [_thread_blocked, id=3804, stack(0x0000000031f40000,0x0000000032140000)]
  0x00000000295a8800 JavaThread "Thread-19" [_thread_blocked, id=2524, stack(0x0000000031c30000,0x0000000031e30000)]
  0x00000000295a6800 JavaThread "DestroyJavaVM" [_thread_blocked, id=2756, stack(0x0000000002ab0000,0x0000000002cb0000)]
  0x00000000295a7000 JavaThread "Workspace installer" [_thread_blocked, id=3792, stack(0x000000002de90000,0x000000002e090000)]
  0x00000000295a5800 JavaThread "Plugin installer" [_thread_blocked, id=3360, stack(0x000000002b270000,0x000000002b470000)]
  0x00000000262a1800 JavaThread "Chat IRC listener" [_thread_in_native, id=2480, stack(0x000000002e930000,0x000000002eb30000)]
  0x00000000262a1000 JavaThread "TaskFrame manager" [_thread_blocked, id=3768, stack(0x000000002e6d0000,0x000000002e8d0000)]
  0x00000000262a0000 JavaThread "Memory / CPU monitor" [_thread_blocked, id=2924, stack(0x000000002e360000,0x000000002e560000)]
  0x000000002629d000 JavaThread "ROI EXTERNAL descriptor calculator" [_thread_blocked, id=3324, stack(0x000000002d400000,0x000000002d600000)]
  0x000000002629c800 JavaThread "ROI BASIC descriptor calculator" [_thread_blocked, id=3484, stack(0x000000002d1f0000,0x000000002d3f0000)]
  0x000000002629b800 JavaThread "ROI PRIMARY descriptor calculator" [_thread_blocked, id=2184, stack(0x000000002cee0000,0x000000002d0e0000)]
  0x00000000295ab800 JavaThread "pool-12-thread-1" [_thread_blocked, id=3080, stack(0x000000002c600000,0x000000002c800000)]
  0x0000000025b31800 JavaThread "TimerQueue" daemon [_thread_blocked, id=2928, stack(0x000000002a590000,0x000000002a790000)]
  0x00000000256d0000 JavaThread "KeyTipManager processing thread" daemon [_thread_blocked, id=3160, stack(0x00000000279c0000,0x0000000027bc0000)]
  0x00000000258a6000 JavaThread "Substance heap status" daemon [_thread_blocked, id=3468, stack(0x0000000027750000,0x0000000027950000)]
  0x000000002407c800 JavaThread "Internet monitor" [_thread_blocked, id=3216, stack(0x0000000026410000,0x0000000026610000)]
=>0x0000000023df2000 JavaThread "AWT-EventQueue-0" [_thread_in_native, id=592, stack(0x0000000024f70000,0x0000000025170000)]
  0x0000000023d71000 JavaThread "AWT-Windows" daemon [_thread_in_native, id=924, stack(0x0000000024a80000,0x0000000024c80000)]
  0x0000000023d2b800 JavaThread "AWT-Shutdown" [_thread_blocked, id=3152, stack(0x00000000246e0000,0x00000000248e0000)]
  0x0000000023d2b000 JavaThread "Java2D Disposer" daemon [_thread_blocked, id=196, stack(0x0000000024310000,0x0000000024510000)]
  0x0000000022aa6800 JavaThread "Service Thread" daemon [_thread_blocked, id=3744, stack(0x00000000236a0000,0x00000000238a0000)]
  0x0000000022aa1000 JavaThread "C1 CompilerThread2" daemon [_thread_blocked, id=3256, stack(0x0000000023390000,0x0000000023490000)]
  0x0000000022a49800 JavaThread "C2 CompilerThread1" daemon [_thread_blocked, id=1208, stack(0x0000000023490000,0x0000000023590000)]
  0x000000002111d000 JavaThread "C2 CompilerThread0" daemon [_thread_blocked, id=3680, stack(0x00000000223d0000,0x00000000224d0000)]
  0x000000002111b000 JavaThread "Attach Listener" daemon [_thread_blocked, id=2376, stack(0x0000000023160000,0x0000000023360000)]
  0x0000000022a43000 JavaThread "Signal Dispatcher" daemon [_thread_blocked, id=816, stack(0x0000000022ed0000,0x00000000230d0000)]
  0x00000000210fb000 JavaThread "Finalizer" daemon [_thread_blocked, id=1680, stack(0x0000000022830000,0x0000000022a30000)]
  0x00000000210b4000 JavaThread "Reference Handler" daemon [_thread_blocked, id=2884, stack(0x0000000022540000,0x0000000022740000)]

Other Threads:
  0x00000000210ac800 VMThread [stack: 0x00000000222a0000,0x00000000223a0000] [id=2092]
  0x0000000022acb800 WatcherThread [stack: 0x00000000238f0000,0x00000000239f0000] [id=3876]

VM state:not at safepoint (normal execution)

VM Mutex/Monitor currently owned by a thread: None

Heap:
 PSYoungGen      total 2097152K, used 1820883K [0x000000073eb00000, 0x00000007c0000000, 0x00000007c0000000)
  eden space 2076672K, 86% used [0x000000073eb00000,0x00000007acde6278,0x00000007bd700000)
  from space 20480K, 76% used [0x00000007beb00000,0x00000007bfa4e9c8,0x00000007bff00000)
  to   space 20480K, 0% used [0x00000007bd700000,0x00000007bd700000,0x00000007beb00000)
 ParOldGen       total 231424K, used 174279K [0x000000063c000000, 0x000000064a200000, 0x000000073eb00000)
  object space 231424K, 75% used [0x000000063c000000,0x0000000646a31fc0,0x000000064a200000)
 Metaspace       used 87590K, capacity 94665K, committed 94848K, reserved 1128448K
  class space    used 13898K, capacity 16229K, committed 16256K, reserved 1048576K

Card table byte_map: [0x0000000012070000,0x0000000012ca0000] byte_map_base: 0x000000000ee90000

Marking Bits: (ParMarkBitMap*) 0x0000000070dcc720
 Begin Bits: [0x0000000013900000, 0x0000000019a00000)
 End Bits:   [0x0000000019a00000, 0x000000001fb00000)

Polling page: 0x0000000000130000

CodeCache: size=245760Kb used=42978Kb max_used=43151Kb free=202781Kb
 bounds [0x0000000002cb0000, 0x0000000005740000, 0x0000000011cb0000]
 total_blobs=12724 nmethods=11492 adapters=1138
 compilation: enabled

Compilation events (10 events):
Event: 829.643 Thread 0x0000000022aa1000 16278       1       javax.swing.undo.CompoundEdit::end (6 bytes)
Event: 829.643 Thread 0x0000000022aa1000 nmethod 16278 0x0000000004fe8790 code [0x0000000004fe88e0, 0x0000000004fe89f0]
Event: 829.686 Thread 0x0000000022aa1000 16279       3       javax.swing.text.StyleContext$FontKey::setValue (27 bytes)
Event: 829.686 Thread 0x0000000022aa1000 nmethod 16279 0x0000000005526dd0 code [0x0000000005526f40, 0x00000000055271e8]
Event: 829.686 Thread 0x0000000022aa1000 16280       3       javax.swing.text.LabelView::setUnderline (6 bytes)
Event: 829.687 Thread 0x0000000022aa1000 nmethod 16280 0x0000000003a41ed0 code [0x0000000003a42020, 0x0000000003a42170]
Event: 829.687 Thread 0x0000000022aa1000 16281       3       javax.swing.text.LabelView::setStrikeThrough (6 bytes)
Event: 829.687 Thread 0x0000000022aa1000 nmethod 16281 0x0000000004f80550 code [0x0000000004f806a0, 0x0000000004f807f0]
Event: 829.693 Thread 0x0000000022aa1000 16282       3       org.pushingpixels.substance.internal.ui.SubstanceSliderUI::calculateThumbLocation (163 bytes)
Event: 829.694 Thread 0x0000000022aa1000 nmethod 16282 0x000000000552c250 code [0x000000000552c460, 0x000000000552ce78]

GC Heap History (10 events):
Event: 797.826 GC heap before
{Heap before GC invocations=101 (full 3):
 PSYoungGen      total 2097152K, used 2090522K [0x000000073eb00000, 0x00000007c0000000, 0x00000007c0000000)
  eden space 2076160K, 99% used [0x000000073eb00000,0x00000007bd6149c8,0x00000007bd680000)
  from space 20992K, 70% used [0x00000007bd680000,0x00000007be4f1f00,0x00000007beb00000)
  to   space 21504K, 0% used [0x00000007beb00000,0x00000007beb00000,0x00000007c0000000)
 ParOldGen       total 231424K, used 162088K [0x000000063c000000, 0x000000064a200000, 0x000000073eb00000)
  object space 231424K, 70% used [0x000000063c000000,0x0000000645e4a320,0x000000064a200000)
 Metaspace       used 86984K, capacity 94019K, committed 94208K, reserved 1128448K
  class space    used 13792K, capacity 16100K, committed 16128K, reserved 1048576K
Event: 797.853 GC heap after
Heap after GC invocations=101 (full 3):
 PSYoungGen      total 2097152K, used 14361K [0x000000073eb00000, 0x00000007bff80000, 0x00000007c0000000)
  eden space 2076160K, 0% used [0x000000073eb00000,0x000000073eb00000,0x00000007bd680000)
  from space 20992K, 68% used [0x00000007beb00000,0x00000007bf9067b0,0x00000007bff80000)
  to   space 20992K, 0% used [0x00000007bd680000,0x00000007bd680000,0x00000007beb00000)
 ParOldGen       total 231424K, used 162128K [0x000000063c000000, 0x000000064a200000, 0x000000073eb00000)
  object space 231424K, 70% used [0x000000063c000000,0x0000000645e54320,0x000000064a200000)
 Metaspace       used 86984K, capacity 94019K, committed 94208K, reserved 1128448K
  class space    used 13792K, capacity 16100K, committed 16128K, reserved 1048576K
}
Event: 805.191 GC heap before
{Heap before GC invocations=102 (full 3):
 PSYoungGen      total 2097152K, used 2090521K [0x000000073eb00000, 0x00000007bff80000, 0x00000007c0000000)
  eden space 2076160K, 100% used [0x000000073eb00000,0x00000007bd680000,0x00000007bd680000)
  from space 20992K, 68% used [0x00000007beb00000,0x00000007bf9067b0,0x00000007bff80000)
  to   space 20992K, 0% used [0x00000007bd680000,0x00000007bd680000,0x00000007beb00000)
 ParOldGen       total 231424K, used 162128K [0x000000063c000000, 0x000000064a200000, 0x000000073eb00000)
  object space 231424K, 70% used [0x000000063c000000,0x0000000645e54338,0x000000064a200000)
 Metaspace       used 87003K, capacity 94019K, committed 94208K, reserved 1128448K
  class space    used 13793K, capacity 16100K, committed 16128K, reserved 1048576K
Event: 805.216 GC heap after
Heap after GC invocations=102 (full 3):
 PSYoungGen      total 2097152K, used 14567K [0x000000073eb00000, 0x00000007c0000000, 0x00000007c0000000)
  eden space 2076160K, 0% used [0x000000073eb00000,0x000000073eb00000,0x00000007bd680000)
  from space 20992K, 69% used [0x00000007bd680000,0x00000007be4b9f38,0x00000007beb00000)
  to   space 20992K, 0% used [0x00000007beb80000,0x00000007beb80000,0x00000007c0000000)
 ParOldGen       total 231424K, used 162352K [0x000000063c000000, 0x000000064a200000, 0x000000073eb00000)
  object space 231424K, 70% used [0x000000063c000000,0x0000000645e8c1c0,0x000000064a200000)
 Metaspace       used 87003K, capacity 94019K, committed 94208K, reserved 1128448K
  class space    used 13793K, capacity 16100K, committed 16128K, reserved 1048576K
}
Event: 812.131 GC heap before
{Heap before GC invocations=103 (full 3):
 PSYoungGen      total 2097152K, used 2090727K [0x000000073eb00000, 0x00000007c0000000, 0x00000007c0000000)
  eden space 2076160K, 100% used [0x000000073eb00000,0x00000007bd680000,0x00000007bd680000)
  from space 20992K, 69% used [0x00000007bd680000,0x00000007be4b9f38,0x00000007beb00000)
  to   space 20992K, 0% used [0x00000007beb80000,0x00000007beb80000,0x00000007c0000000)
 ParOldGen       total 231424K, used 168498K [0x000000063c000000, 0x000000064a200000, 0x000000073eb00000)
  object space 231424K, 72% used [0x000000063c000000,0x000000064648c938,0x000000064a200000)
 Metaspace       used 87065K, capacity 94115K, committed 94336K, reserved 1128448K
  class space    used 13800K, capacity 16132K, committed 16256K, reserved 1048576K
Event: 812.161 GC heap after
Heap after GC invocations=103 (full 3):
 PSYoungGen      total 2097664K, used 15163K [0x000000073eb00000, 0x00000007c0000000, 0x00000007c0000000)
  eden space 2076672K, 0% used [0x000000073eb00000,0x000000073eb00000,0x00000007bd700000)
  from space 20992K, 72% used [0x00000007beb80000,0x00000007bfa4ed60,0x00000007c0000000)
  to   space 20992K, 0% used [0x00000007bd700000,0x00000007bd700000,0x00000007beb80000)
 ParOldGen       total 231424K, used 168506K [0x000000063c000000, 0x000000064a200000, 0x000000073eb00000)
  object space 231424K, 72% used [0x000000063c000000,0x000000064648e938,0x000000064a200000)
 Metaspace       used 87065K, capacity 94115K, committed 94336K, reserved 1128448K
  class space    used 13800K, capacity 16132K, committed 16256K, reserved 1048576K
}
Event: 816.854 GC heap before
{Heap before GC invocations=104 (full 3):
 PSYoungGen      total 2097664K, used 2091835K [0x000000073eb00000, 0x00000007c0000000, 0x00000007c0000000)
  eden space 2076672K, 100% used [0x000000073eb00000,0x00000007bd700000,0x00000007bd700000)
  from space 20992K, 72% used [0x00000007beb80000,0x00000007bfa4ed60,0x00000007c0000000)
  to   space 20992K, 0% used [0x00000007bd700000,0x00000007bd700000,0x00000007beb80000)
 ParOldGen       total 231424K, used 173628K [0x000000063c000000, 0x000000064a200000, 0x000000073eb00000)
  object space 231424K, 75% used [0x000000063c000000,0x000000064698f0a8,0x000000064a200000)
 Metaspace       used 87081K, capacity 94179K, committed 94592K, reserved 1128448K
  class space    used 13800K, capacity 16132K, committed 16256K, reserved 1048576K
Event: 816.874 GC heap after
Heap after GC invocations=104 (full 3):
 PSYoungGen      total 2090496K, used 13659K [0x000000073eb00000, 0x00000007bff00000, 0x00000007c0000000)
  eden space 2076672K, 0% used [0x000000073eb00000,0x000000073eb00000,0x00000007bd700000)
  from space 13824K, 98% used [0x00000007bd700000,0x00000007be456d60,0x00000007be480000)
  to   space 20480K, 0% used [0x00000007beb00000,0x00000007beb00000,0x00000007bff00000)
 ParOldGen       total 231424K, used 173687K [0x000000063c000000, 0x000000064a200000, 0x000000073eb00000)
  object space 231424K, 75% used [0x000000063c000000,0x000000064699dda8,0x000000064a200000)
 Metaspace       used 87081K, capacity 94179K, committed 94592K, reserved 1128448K
  class space    used 13800K, capacity 16132K, committed 16256K, reserved 1048576K
}
Event: 822.549 GC heap before
{Heap before GC invocations=105 (full 3):
 PSYoungGen      total 2090496K, used 2090331K [0x000000073eb00000, 0x00000007bff00000, 0x00000007c0000000)
  eden space 2076672K, 100% used [0x000000073eb00000,0x00000007bd700000,0x00000007bd700000)
  from space 13824K, 98% used [0x00000007bd700000,0x00000007be456d60,0x00000007be480000)
  to   space 20480K, 0% used [0x00000007beb00000,0x00000007beb00000,0x00000007bff00000)
 ParOldGen       total 231424K, used 173687K [0x000000063c000000, 0x000000064a200000, 0x000000073eb00000)
  object space 231424K, 75% used [0x000000063c000000,0x000000064699dda8,0x000000064a200000)
 Metaspace       used 87173K, capacity 94275K, committed 94592K, reserved 1128448K
  class space    used 13831K, capacity 16164K, committed 16256K, reserved 1048576K
Event: 822.580 GC heap after
Heap after GC invocations=105 (full 3):
 PSYoungGen      total 2097152K, used 15674K [0x000000073eb00000, 0x00000007c0000000, 0x00000007c0000000)
  eden space 2076672K, 0% used [0x000000073eb00000,0x000000073eb00000,0x00000007bd700000)
  from space 20480K, 76% used [0x00000007beb00000,0x00000007bfa4e9c8,0x00000007bff00000)
  to   space 20480K, 0% used [0x00000007bd700000,0x00000007bd700000,0x00000007beb00000)
 ParOldGen       total 231424K, used 174279K [0x000000063c000000, 0x000000064a200000, 0x000000073eb00000)
  object space 231424K, 75% used [0x000000063c000000,0x0000000646a31fc0,0x000000064a200000)
 Metaspace       used 87173K, capacity 94275K, committed 94592K, reserved 1128448K
  class space    used 13831K, capacity 16164K, committed 16256K, reserved 1048576K
}

Deoptimization events (10 events):
Event: 829.527 Thread 0x0000000023df2000 Uncommon trap: reason=bimorphic action=maybe_recompile pc=0x0000000005640c58 method=javax.swing.text.DefaultCaret.ensureValidPosition()V @ 7
Event: 829.528 Thread 0x0000000023df2000 Uncommon trap: reason=bimorphic action=maybe_recompile pc=0x00000000047b093c method=javax.swing.text.GlyphPainter1.sync(Ljavax/swing/text/GlyphView;)V @ 38
Event: 829.529 Thread 0x0000000023df2000 Uncommon trap: reason=bimorphic action=maybe_recompile pc=0x00000000047b093c method=javax.swing.text.GlyphPainter1.sync(Ljavax/swing/text/GlyphView;)V @ 38
Event: 829.529 Thread 0x0000000023df2000 Uncommon trap: reason=bimorphic action=maybe_recompile pc=0x00000000047b093c method=javax.swing.text.GlyphPainter1.sync(Ljavax/swing/text/GlyphView;)V @ 38
Event: 829.529 Thread 0x0000000023df2000 Uncommon trap: reason=bimorphic action=maybe_recompile pc=0x00000000047b093c method=javax.swing.text.GlyphPainter1.sync(Ljavax/swing/text/GlyphView;)V @ 38
Event: 829.530 Thread 0x0000000023df2000 Uncommon trap: reason=unstable_if action=reinterpret pc=0x0000000003b8bf88 method=sun.font.CompositeStrike.getStrikeForSlot(I)Lsun/font/PhysicalStrike; @ 8
Event: 829.598 Thread 0x0000000023df2000 Uncommon trap: reason=class_check action=maybe_recompile pc=0x000000000565da68 method=jogamp.common.util.locks.RecursiveLockImpl01Unfairish.tryLock(J)Z @ 75
Event: 829.598 Thread 0x0000000023df2000 Uncommon trap: reason=class_check action=maybe_recompile pc=0x0000000005657948 method=jogamp.common.util.locks.RecursiveLockImpl01Unfairish.validateLocked()V @ 14
Event: 829.685 Thread 0x0000000023df2000 Uncommon trap: reason=unstable_if action=reinterpret pc=0x00000000055857f8 method=javax.swing.border.TitledBorder.paintBorder(Ljava/awt/Component;Ljava/awt/Graphics;IIII)V @ 22
Event: 829.686 Thread 0x0000000023df2000 Uncommon trap: reason=bimorphic action=maybe_recompile pc=0x0000000005727614 method=org.pushingpixels.substance.internal.utils.SubstanceTextUtilities.getTextBackgroundFillColor(Ljavax/swing/JComponent;)Ljava/awt/Color; @ 34

Internal exceptions (10 events):
Event: 811.353 Thread 0x000000002545d800 Exception <a 'java/lang/NullPointerException'> (0x00000007a8f0f598) thrown at [C:\re\workspace\8-2-build-windows-amd64-cygwin\jdk8u131\8869\hotspot\src\share\vm\runtime\sharedRuntime.cpp, line 605]
Event: 811.354 Thread 0x000000002545d800 Exception <a 'java/io/IOException'> (0x00000007a8f19d08) thrown at [C:\re\workspace\8-2-build-windows-amd64-cygwin\jdk8u131\8869\hotspot\src\share\vm\prims\jni.cpp, line 709]
Event: 811.354 Thread 0x000000002545d800 Exception <a 'java/io/IOException'> (0x00000007a8f20ac0) thrown at [C:\re\workspace\8-2-build-windows-amd64-cygwin\jdk8u131\8869\hotspot\src\share\vm\prims\jni.cpp, line 709]
Event: 811.359 Thread 0x0000000025461000 Exception <a 'java/lang/InterruptedException': sleep interrupted> (0x00000007aa895f00) thrown at [C:\re\workspace\8-2-build-windows-amd64-cygwin\jdk8u131\8869\hotspot\src\share\vm\prims\jvm.cpp, line 3228]
Event: 811.365 Thread 0x000000002545d800 Implicit null exception at 0x00000000044e19f2 to 0x00000000044e1a82
Event: 811.365 Thread 0x000000002545d800 Exception <a 'java/lang/NullPointerException'> (0x00000007a902fe48) thrown at [C:\re\workspace\8-2-build-windows-amd64-cygwin\jdk8u131\8869\hotspot\src\share\vm\runtime\sharedRuntime.cpp, line 605]
Event: 811.366 Thread 0x000000002545d800 Exception <a 'java/io/IOException'> (0x00000007a903a5b8) thrown at [C:\re\workspace\8-2-build-windows-amd64-cygwin\jdk8u131\8869\hotspot\src\share\vm\prims\jni.cpp, line 709]
Event: 811.368 Thread 0x000000002545d800 Exception <a 'java/io/IOException'> (0x00000007a9045a80) thrown at [C:\re\workspace\8-2-build-windows-amd64-cygwin\jdk8u131\8869\hotspot\src\share\vm\prims\jni.cpp, line 709]
Event: 811.372 Thread 0x0000000023df2000 Implicit null exception at 0x0000000004911251 to 0x00000000049119b9
Event: 820.264 Thread 0x0000000023df2000 Implicit null exception at 0x00000000053cbcdc to 0x00000000053cbe1f

Events (10 events):
Event: 829.598 Thread 0x0000000023df2000 DEOPT UNPACKING pc=0x0000000002cf582a sp=0x000000002516b180 mode 2
Event: 829.598 Thread 0x0000000023df2000 Uncommon trap: trap_request=0xffffffde fr.pc=0x0000000005657948
Event: 829.598 Thread 0x0000000023df2000 DEOPT PACKING pc=0x0000000005657948 sp=0x000000002516b130
Event: 829.598 Thread 0x0000000023df2000 DEOPT UNPACKING pc=0x0000000002cf582a sp=0x000000002516b090 mode 2
Event: 829.685 Thread 0x0000000023df2000 Uncommon trap: trap_request=0xffffff65 fr.pc=0x00000000055857f8
Event: 829.685 Thread 0x0000000023df2000 DEOPT PACKING pc=0x00000000055857f8 sp=0x000000002516c7e0
Event: 829.685 Thread 0x0000000023df2000 DEOPT UNPACKING pc=0x0000000002cf582a sp=0x000000002516c7a0 mode 2
Event: 829.686 Thread 0x0000000023df2000 Uncommon trap: trap_request=0xffffffc6 fr.pc=0x0000000005727614
Event: 829.686 Thread 0x0000000023df2000 DEOPT PACKING pc=0x0000000005727614 sp=0x000000002516c430
Event: 829.686 Thread 0x0000000023df2000 DEOPT UNPACKING pc=0x0000000002cf582a sp=0x000000002516c3f0 mode 2


Dynamic libraries:
0x000000013f070000 - 0x000000013f0a7000 	C:\Program Files\Java\jre1.8.0_131\bin\java.exe
0x0000000076f60000 - 0x000000007710a000 	C:\Windows\SYSTEM32\ntdll.dll
0x0000000076d40000 - 0x0000000076e5f000 	C:\Windows\system32\kernel32.dll
0x000007fefd200000 - 0x000007fefd26b000 	C:\Windows\system32\KERNELBASE.dll
0x000007fefe950000 - 0x000007fefea2b000 	C:\Windows\system32\ADVAPI32.dll
0x000007fefec70000 - 0x000007fefed0f000 	C:\Windows\system32\msvcrt.dll
0x000007fefd280000 - 0x000007fefd29f000 	C:\Windows\SYSTEM32\sechost.dll
0x000007fefd2a0000 - 0x000007fefd3cd000 	C:\Windows\system32\RPCRT4.dll
0x0000000076e60000 - 0x0000000076f5a000 	C:\Windows\system32\USER32.dll
0x000007feff200000 - 0x000007feff267000 	C:\Windows\system32\GDI32.dll
0x000007fefe520000 - 0x000007fefe52e000 	C:\Windows\system32\LPK.dll
0x000007fefed90000 - 0x000007fefee5a000 	C:\Windows\system32\USP10.dll
0x000007fefb650000 - 0x000007fefb844000 	C:\Windows\WinSxS\amd64_microsoft.windows.common-controls_6595b64144ccf1df_6.0.7601.18837_none_fa3b1e3d17594757\COMCTL32.dll
0x000007fefed10000 - 0x000007fefed81000 	C:\Windows\system32\SHLWAPI.dll
0x000007fefe880000 - 0x000007fefe8ae000 	C:\Windows\system32\IMM32.DLL
0x000007fefea30000 - 0x000007fefeb39000 	C:\Windows\system32\MSCTF.dll
0x0000000073010000 - 0x00000000730e2000 	C:\Program Files\Java\jre1.8.0_131\bin\msvcr100.dll
0x00000000705b0000 - 0x0000000070e4c000 	C:\Program Files\Java\jre1.8.0_131\bin\server\jvm.dll
0x000007fefbc30000 - 0x000007fefbc39000 	C:\Windows\system32\WSOCK32.dll
0x000007fefe5b0000 - 0x000007fefe5fd000 	C:\Windows\system32\WS2_32.dll
0x000007fefd270000 - 0x000007fefd278000 	C:\Windows\system32\NSI.dll
0x000007fef76c0000 - 0x000007fef76fb000 	C:\Windows\system32\WINMM.dll
0x000007fefbfc0000 - 0x000007fefbfcc000 	C:\Windows\system32\VERSION.dll
0x0000000077120000 - 0x0000000077127000 	C:\Windows\system32\PSAPI.DLL
0x0000000074b70000 - 0x0000000074b7f000 	C:\Program Files\Java\jre1.8.0_131\bin\verify.dll
0x00000000731a0000 - 0x00000000731c9000 	C:\Program Files\Java\jre1.8.0_131\bin\java.dll
0x0000000073180000 - 0x0000000073196000 	C:\Program Files\Java\jre1.8.0_131\bin\zip.dll
0x000007fefd6f0000 - 0x000007fefe479000 	C:\Windows\system32\SHELL32.dll
0x000007fefeff0000 - 0x000007feff1f3000 	C:\Windows\system32\ole32.dll
0x000007fefce60000 - 0x000007fefce6f000 	C:\Windows\system32\profapi.dll
0x0000000074270000 - 0x000000007427d000 	C:\Program Files\Java\jre1.8.0_131\bin\management.dll
0x0000000073110000 - 0x000000007312a000 	C:\Program Files\Java\jre1.8.0_131\bin\net.dll
0x000007fefc5e0000 - 0x000007fefc635000 	C:\Windows\system32\mswsock.dll
0x000007fefc770000 - 0x000007fefc777000 	C:\Windows\System32\wship6.dll
0x00000000730f0000 - 0x0000000073101000 	C:\Program Files\Java\jre1.8.0_131\bin\nio.dll
0x0000000072e70000 - 0x0000000073008000 	C:\Program Files\Java\jre1.8.0_131\bin\awt.dll
0x000007fefd610000 - 0x000007fefd6e8000 	C:\Windows\system32\OLEAUT32.dll
0x000007fefb1e0000 - 0x000007fefb1f8000 	C:\Windows\system32\DWMAPI.DLL
0x000007fef78e0000 - 0x000007fef79fd000 	C:\Windows\system32\opengl32.dll
0x000007fef70b0000 - 0x000007fef70dd000 	C:\Windows\system32\GLU32.dll
0x000007fef6eb0000 - 0x000007fef6fa1000 	C:\Windows\system32\DDRAW.dll
0x000007fef6ea0000 - 0x000007fef6ea8000 	C:\Windows\system32\DCIMAN32.dll
0x000007fefd430000 - 0x000007fefd607000 	C:\Windows\system32\SETUPAPI.dll
0x000007fefd1a0000 - 0x000007fefd1d6000 	C:\Windows\system32\CFGMGR32.dll
0x000007fefd1e0000 - 0x000007fefd1fa000 	C:\Windows\system32\DEVOBJ.dll
0x000007fefb5c0000 - 0x000007fefb616000 	C:\Windows\system32\uxtheme.dll
0x000007fefce30000 - 0x000007fefce3f000 	C:\Windows\system32\CRYPTBASE.dll
0x000007fefc950000 - 0x000007fefc968000 	C:\Windows\system32\CRYPTSP.dll
0x000007fefc3e0000 - 0x000007fefc427000 	C:\Windows\system32\rsaenh.dll
0x000007fefc1a0000 - 0x000007fefc1be000 	C:\Windows\system32\USERENV.dll
0x000007fefa9c0000 - 0x000007fefa9e7000 	C:\Windows\system32\IPHLPAPI.DLL
0x000007fefa9a0000 - 0x000007fefa9ab000 	C:\Windows\system32\WINNSI.DLL
0x000007fefa790000 - 0x000007fefa7a1000 	C:\Windows\system32\dhcpcsvc6.DLL
0x000007fefa7b0000 - 0x000007fefa7c8000 	C:\Windows\system32\dhcpcsvc.DLL
0x0000000073130000 - 0x0000000073177000 	C:\Program Files\Java\jre1.8.0_131\bin\fontmanager.dll
0x000007fefe480000 - 0x000007fefe519000 	C:\Windows\system32\CLBCatQ.DLL
0x000007fefc090000 - 0x000007fefc097000 	C:\Windows\System32\wshtcpip.dll
0x000007fefc470000 - 0x000007fefc4cb000 	C:\Windows\system32\DNSAPI.dll
0x000007fef5e10000 - 0x000007fef5e18000 	C:\Windows\system32\rasadhlp.dll
0x000007fefa830000 - 0x000007fefa883000 	C:\Windows\System32\fwpuclnt.dll
0x0000000072e10000 - 0x0000000072e3a000 	C:\Program Files\Java\jre1.8.0_131\bin\dcpr.dll
0x0000000072dc0000 - 0x0000000072e02000 	C:\Program Files\Java\jre1.8.0_131\bin\t2k.dll
0x0000000072d80000 - 0x0000000072dbc000 	C:\Program Files\Java\jre1.8.0_131\bin\lcms.dll
0x0000000072d40000 - 0x0000000072d71000 	C:\Program Files\Java\jre1.8.0_131\bin\jpeg.dll
0x000007fefb0b0000 - 0x000007fefb1da000 	C:\Windows\system32\WindowsCodecs.dll
0x000007fefccf0000 - 0x000007fefcd47000 	C:\Windows\system32\apphelp.dll
0x000007fef77e0000 - 0x000007fef7815000 	C:\Windows\system32\EhStorShell.dll
0x000007fefb860000 - 0x000007fefb98c000 	C:\Windows\system32\PROPSYS.dll
0x000007fef8f20000 - 0x000007fef9590000 	C:\PROGRA~1\MIF5BA~1\Office14\GROOVEEX.DLL
0x0000000073300000 - 0x000000007339d000 	C:\Windows\WinSxS\amd64_microsoft.vc90.crt_1fc8b3b9a1e18e3b_9.0.30729.4940_none_08e4299fa83d7e3c\MSVCR90.dll
0x0000000073220000 - 0x00000000732f3000 	C:\Windows\WinSxS\amd64_microsoft.vc90.crt_1fc8b3b9a1e18e3b_9.0.30729.4940_none_08e4299fa83d7e3c\MSVCP90.dll
0x0000000071df0000 - 0x0000000071e1f000 	C:\Windows\WinSxS\amd64_microsoft.vc90.atl_1fc8b3b9a1e18e3b_9.0.30729.4148_none_0a1d2fcba76b3f00\ATL90.DLL
0x000007fef95d0000 - 0x000007fef99ea000 	C:\PROGRA~1\COMMON~1\MICROS~1\OFFICE14\Cultures\office.odf
0x000007fef8710000 - 0x000007fef8f20000 	C:\PROGRA~1\MIF5BA~1\Office14\2052\GrooveIntlResource.dll
0x000007fef8690000 - 0x000007fef870e000 	C:\Windows\System32\cscui.dll
0x000007fef95c0000 - 0x000007fef95cc000 	C:\Windows\System32\CSCDLL.dll
0x000007fef95b0000 - 0x000007fef95bf000 	C:\Windows\system32\CSCAPI.dll
0x000007fef85c0000 - 0x000007fef8640000 	C:\Windows\system32\ntshrui.dll
0x000007fefca50000 - 0x000007fefca73000 	C:\Windows\system32\srvcli.dll
0x000007fefab00000 - 0x000007fefab0b000 	C:\Windows\system32\slc.dll
0x00000000718f0000 - 0x0000000071992000 	C:\Program Files\Java\jre1.8.0_131\bin\mlib_image.dll
0x000007fef7040000 - 0x000007fef7060000 	E:\Program Files\icy-1.9.1.0\lib\win64\vtk\vtkalglib.dll
0x000007feeebe0000 - 0x000007feeec86000 	C:\Program Files\Java\jre1.8.0_131\bin\MSVCP120.dll
0x000007fef6c10000 - 0x000007fef6cff000 	C:\Program Files\Java\jre1.8.0_131\bin\MSVCR120.dll
0x000007fef7010000 - 0x000007fef7033000 	E:\Program Files\icy-1.9.1.0\lib\win64\vtk\vtkexpat.dll
0x000007fef6d30000 - 0x000007fef6d51000 	E:\Program Files\icy-1.9.1.0\lib\win64\vtk\vtkDICOMParser.dll
0x000007fef6fd0000 - 0x000007fef6ff7000 	E:\Program Files\icy-1.9.1.0\lib\win64\vtk\vtkjpeg.dll
0x000007fef5730000 - 0x000007fef5758000 	E:\Program Files\icy-1.9.1.0\lib\win64\vtk\vtkjsoncpp.dll
0x000007fef7060000 - 0x000007fef7075000 	E:\Program Files\icy-1.9.1.0\lib\win64\vtk\vtkzlib.dll
0x000007fef5700000 - 0x000007fef572e000 	E:\Program Files\icy-1.9.1.0\lib\win64\vtk\vtkoggtheora.dll
0x000007feeedc0000 - 0x000007feeedef000 	E:\Program Files\icy-1.9.1.0\lib\win64\vtk\vtkverdict.dll
0x000007feeed90000 - 0x000007feeedb4000 	E:\Program Files\icy-1.9.1.0\lib\win64\vtk\vtkpng.dll
0x000007feeeb00000 - 0x000007feeeb51000 	E:\Program Files\icy-1.9.1.0\lib\win64\vtk\vtktiff.dll
0x000007feede60000 - 0x000007feedf94000 	E:\Program Files\icy-1.9.1.0\lib\win64\vtk\vtklibxml2.dll
0x000007feeeba0000 - 0x000007feeebd7000 	E:\Program Files\icy-1.9.1.0\lib\win64\vtk\vtkproj4.dll
0x000007feee980000 - 0x000007feee9cb000 	E:\Program Files\icy-1.9.1.0\lib\win64\vtk\vtksys.dll
0x000007feee900000 - 0x000007feee975000 	E:\Program Files\icy-1.9.1.0\lib\win64\vtk\vtkfreetype.dll
0x000007feee860000 - 0x000007feee8fa000 	E:\Program Files\icy-1.9.1.0\lib\win64\vtk\vtkmetaio.dll
0x000007fef6fc0000 - 0x000007fef6fcf000 	E:\Program Files\icy-1.9.1.0\lib\win64\vtk\vtkftgl.dll
0x000007feee7f0000 - 0x000007feee858000 	E:\Program Files\icy-1.9.1.0\lib\win64\vtk\vtkglew.dll
0x000007feedbc0000 - 0x000007feede5f000 	E:\Program Files\icy-1.9.1.0\lib\win64\vtk\vtkCommonCore.dll
0x000007fefb620000 - 0x000007fefb62b000 	E:\Program Files\icy-1.9.1.0\lib\win64\vtk\vtkWrappingJava.dll
0x000007fef6bf0000 - 0x000007fef6c08000 	E:\Program Files\icy-1.9.1.0\lib\win64\vtk\vtkCommonSystem.dll
0x000007feeea00000 - 0x000007feeea21000 	E:\Program Files\icy-1.9.1.0\lib\win64\vtk\vtkCommonMath.dll
0x000007fef56a0000 - 0x000007fef56b6000 	E:\Program Files\icy-1.9.1.0\lib\win64\vtk\vtkCommonMisc.dll
0x000007feee7c0000 - 0x000007feee7ed000 	E:\Program Files\icy-1.9.1.0\lib\win64\vtk\vtkCommonTransforms.dll
0x000007feed9a0000 - 0x000007feedbc0000 	E:\Program Files\icy-1.9.1.0\lib\win64\vtk\vtkhdf5.dll
0x000007feee570000 - 0x000007feee59e000 	E:\Program Files\icy-1.9.1.0\lib\win64\vtk\vtkhdf5_hl.dll
0x000007feed8d0000 - 0x000007feed995000 	E:\Program Files\icy-1.9.1.0\lib\win64\vtk\vtkNetCDF.dll
0x000007fef56e0000 - 0x000007fef5700000 	E:\Program Files\icy-1.9.1.0\lib\win64\vtk\vtkNetCDF_cxx.dll
0x000007feed670000 - 0x000007feed8c1000 	E:\Program Files\icy-1.9.1.0\lib\win64\vtk\vtkCommonDataModel.dll
0x000007feee540000 - 0x000007feee561000 	E:\Program Files\icy-1.9.1.0\lib\win64\vtk\vtkCommonColor.dll
0x000007feee510000 - 0x000007feee531000 	E:\Program Files\icy-1.9.1.0\lib\win64\vtk\vtkCommonComputationalGeometry.dll
0x000007feee320000 - 0x000007feee39d000 	E:\Program Files\icy-1.9.1.0\lib\win64\vtk\vtkCommonExecutionModel.dll
0x000007feee4c0000 - 0x000007feee501000 	E:\Program Files\icy-1.9.1.0\lib\win64\vtk\vtkexoIIc.dll
0x000007feeed70000 - 0x000007feeed88000 	E:\Program Files\icy-1.9.1.0\lib\win64\vtk\vtkFiltersVerdict.dll
0x000007fef6da0000 - 0x000007fef6db0000 	E:\Program Files\icy-1.9.1.0\lib\win64\vtk\vtkFiltersProgrammable.dll
0x000007feed630000 - 0x000007feed663000 	E:\Program Files\icy-1.9.1.0\lib\win64\vtk\vtkImagingMath.dll
0x000007feed5d0000 - 0x000007feed62c000 	E:\Program Files\icy-1.9.1.0\lib\win64\vtk\vtkIOCore.dll
0x000007feed560000 - 0x000007feed5c8000 	E:\Program Files\icy-1.9.1.0\lib\win64\vtk\vtkIOEnSight.dll
0x000007fef6fb0000 - 0x000007fef6fc0000 	E:\Program Files\icy-1.9.1.0\lib\win64\vtk\vtkIOVideo.dll
0x000007feed4f0000 - 0x000007feed55c000 	E:\Program Files\icy-1.9.1.0\lib\win64\vtk\vtkIOLegacy.dll
0x000007feed4a0000 - 0x000007feed4ef000 	E:\Program Files\icy-1.9.1.0\lib\win64\vtk\vtkIONetCDF.dll
0x000007fef0620000 - 0x000007fef063b000 	E:\Program Files\icy-1.9.1.0\lib\win64\vtk\vtkIOXMLParser.dll
0x000007feed410000 - 0x000007feed49f000 	E:\Program Files\icy-1.9.1.0\lib\win64\vtk\vtkIOXML.dll
0x000007feed300000 - 0x000007feed40b000 	E:\Program Files\icy-1.9.1.0\lib\win64\vtk\vtkIOImage.dll
0x000007feed240000 - 0x000007feed2fb000 	E:\Program Files\icy-1.9.1.0\lib\win64\vtk\vtkIOSQL.dll
0x000007fef06e0000 - 0x000007fef06ee000 	E:\Program Files\icy-1.9.1.0\lib\win64\vtk\vtkIOMovie.dll

VM Arguments:
jvm_args: -Xmx6208m -Xss2048k -XX:CompileCommand=exclude,plugins/kernel/importer/LociImporterPlugin.getImage -XX:CompileCommand=exclude,plugins/kernel/importer/LociImporterPlugin.getImageInternal -XX:MaxPermSize=128M 
java_command: icy.jar
java_class_path (initial): icy.jar
Launcher Type: SUN_STANDARD

Environment Variables:
JAVA_HOME=C:\Program Files\Java\jdk1.8.0_131
CLASSPATH=.;C:\Program Files\Java\jdk1.8.0_131\lib\dt.jar;C:\Program Files\Java\jdk1.8.0_131\lib\tools.jar;
PATH=C:\ProgramData\Oracle\Java\javapath;C:\Program Files\Pico Technology\SDK\lib\;C:\Windows\system32;C:\Windows;C:\Windows\System32\Wbem;C:\Windows\System32\WindowsPowerShell\v1.0\;C:\Program Files (x86)\Microsoft SQL Server\100\Tools\Binn\;C:\Program Files\Microsoft SQL Server\100\Tools\Binn\;C:\Program Files\Microsoft SQL Server\100\DTS\Binn\;C:\Program Files (x86)\Pico Technology\Pico Full\;C:\Program Files\Microsoft Windows Performance Toolkit\;C:\Program Files\Java\jdk1.8.0_131\bin;C:\Program Files\Java\jdk1.8.0_131\jre\bin;C:\Program Files (x86)\Pico Technology\PicoScope6\;C:\Program Files\Java\jre1.8.0_131\bin
USERNAME=Administrator
OS=Windows_NT
PROCESSOR_IDENTIFIER=Intel64 Family 6 Model 58 Stepping 9, GenuineIntel



---------------  S Y S T E M  ---------------

OS: Windows 7 , 64 bit Build 7601 (6.1.7601.19160)

CPU:total 4 (initial active 4) (2 cores per cpu, 2 threads per core) family 6 model 58 stepping 9, cmov, cx8, fxsr, mmx, sse, sse2, sse3, ssse3, sse4.1, sse4.2, popcnt, avx, clmul, erms, ht, tsc, tscinvbit, tscinv

Memory: 4k page, physical 8282884k(3915684k free), swap 16563932k(11864664k free)

vm_info: Java HotSpot(TM) 64-Bit Server VM (25.131-b11) for windows-amd64 JRE (1.8.0_131-b11), built on Mar 15 2017 01:23:53 by "java_re" with MS VC++ 10.0 (VS2010)

time: Wed May 31 22:25:38 2017
elapsed time: 829 seconds (0d 0h 13m 49s)

